# JRE version: OpenJDK Runtime Environment (8.0_242-b01) (build 1.8.0_242-release-1644-b01)
# Java VM: OpenJDK 64-Bit Server VM (25.242-b01 mixed mode windows-amd64 compressed oops)
Heap:
 PSYoungGen      total 183808K, used 95149K [0x00000000d5580000, 0x00000000e2e80000, 0x0000000100000000)
  eden space 174080K, 49% used [0x00000000d5580000,0x00000000da927f90,0x00000000dff80000)
  from space 9728K, 97% used [0x00000000e2500000,0x00000000e2e435e8,0x00000000e2e80000)
  to   space 13312K, 0% used [0x00000000e1480000,0x00000000e1480000,0x00000000e2180000)
 ParOldGen       total 86528K, used 15938K [0x0000000080000000, 0x0000000085480000, 0x00000000d5580000)
  object space 86528K, 18% used [0x0000000080000000,0x0000000080f909f0,0x0000000085480000)
 Metaspace       used 45438K, capacity 47628K, committed 47832K, reserved 1091584K
  class space    used 6150K, capacity 6624K, committed 6656K, reserved 1048576K
GC Heap History (10 events):
Event: 6.247 GC heap before
{Heap before GC invocations=6 (full 1):
 PSYoungGen      total 75776K, used 65024K [0x00000000d5580000, 0x00000000de980000, 0x0000000100000000)
  eden space 65024K, 100% used [0x00000000d5580000,0x00000000d9500000,0x00000000d9500000)
  from space 10752K, 0% used [0x00000000d9f80000,0x00000000d9f80000,0x00000000daa00000)
  to   space 10752K, 0% used [0x00000000d9500000,0x00000000d9500000,0x00000000d9f80000)
 ParOldGen       total 86528K, used 7052K [0x0000000080000000, 0x0000000085480000, 0x00000000d5580000)
  object space 86528K, 8% used [0x0000000080000000,0x00000000806e3300,0x0000000085480000)
 Metaspace       used 24345K, capacity 25364K, committed 25600K, reserved 1071104K
  class space    used 3477K, capacity 3736K, committed 3840K, reserved 1048576K
Event: 6.253 GC heap after
Heap after GC invocations=6 (full 1):
 PSYoungGen      total 75776K, used 5767K [0x00000000d5580000, 0x00000000dde80000, 0x0000000100000000)
  eden space 65024K, 0% used [0x00000000d5580000,0x00000000d5580000,0x00000000d9500000)
  from space 10752K, 53% used [0x00000000d9500000,0x00000000d9aa1fe0,0x00000000d9f80000)
  to   space 12800K, 0% used [0x00000000dd200000,0x00000000dd200000,0x00000000dde80000)
 ParOldGen       total 86528K, used 7060K [0x0000000080000000, 0x0000000085480000, 0x00000000d5580000)
  object space 86528K, 8% used [0x0000000080000000,0x00000000806e5300,0x0000000085480000)
 Metaspace       used 24345K, capacity 25364K, committed 25600K, reserved 1071104K
  class space    used 3477K, capacity 3736K, committed 3840K, reserved 1048576K
}
Event: 7.198 GC heap before
{Heap before GC invocations=7 (full 1):
 PSYoungGen      total 75776K, used 70791K [0x00000000d5580000, 0x00000000dde80000, 0x0000000100000000)
  eden space 65024K, 100% used [0x00000000d5580000,0x00000000d9500000,0x00000000d9500000)
  from space 10752K, 53% used [0x00000000d9500000,0x00000000d9aa1fe0,0x00000000d9f80000)
  to   space 12800K, 0% used [0x00000000dd200000,0x00000000dd200000,0x00000000dde80000)
 ParOldGen       total 86528K, used 7060K [0x0000000080000000, 0x0000000085480000, 0x00000000d5580000)
  object space 86528K, 8% used [0x0000000080000000,0x00000000806e5300,0x0000000085480000)
 Metaspace       used 32630K, capacity 33826K, committed 34176K, reserved 1079296K
  class space    used 4402K, capacity 4724K, committed 4736K, reserved 1048576K
Event: 7.212 GC heap after
Heap after GC invocations=7 (full 1):
 PSYoungGen      total 126464K, used 10783K [0x00000000d5580000, 0x00000000ddf80000, 0x0000000100000000)
  eden space 113664K, 0% used [0x00000000d5580000,0x00000000d5580000,0x00000000dc480000)
  from space 12800K, 84% used [0x00000000dd200000,0x00000000ddc87d70,0x00000000dde80000)
  to   space 13824K, 0% used [0x00000000dc480000,0x00000000dc480000,0x00000000dd200000)
 ParOldGen       total 86528K, used 7068K [0x0000000080000000, 0x0000000085480000, 0x00000000d5580000)
  object space 86528K, 8% used [0x0000000080000000,0x00000000806e7300,0x0000000085480000)
 Metaspace       used 32630K, capacity 33826K, committed 34176K, reserved 1079296K
  class space    used 4402K, capacity 4724K, committed 4736K, reserved 1048576K
}
Event: 7.619 GC heap before
{Heap before GC invocations=8 (full 1):
 PSYoungGen      total 126464K, used 46167K [0x00000000d5580000, 0x00000000ddf80000, 0x0000000100000000)
  eden space 113664K, 31% used [0x00000000d5580000,0x00000000d780e088,0x00000000dc480000)
  from space 12800K, 84% used [0x00000000dd200000,0x00000000ddc87d70,0x00000000dde80000)
  to   space 13824K, 0% used [0x00000000dc480000,0x00000000dc480000,0x00000000dd200000)
 ParOldGen       total 86528K, used 7068K [0x0000000080000000, 0x0000000085480000, 0x00000000d5580000)
  object space 86528K, 8% used [0x0000000080000000,0x00000000806e7300,0x0000000085480000)
 Metaspace       used 33941K, capacity 35250K, committed 35416K, reserved 1079296K
  class space    used 4574K, capacity 4880K, committed 4992K, reserved 1048576K
Event: 7.628 GC heap after
Heap after GC invocations=8 (full 1):
 PSYoungGen      total 127488K, used 9464K [0x00000000d5580000, 0x00000000e3280000, 0x0000000100000000)
  eden space 113664K, 0% used [0x00000000d5580000,0x00000000d5580000,0x00000000dc480000)
  from space 13824K, 68% used [0x00000000dc480000,0x00000000dcdbe3e8,0x00000000dd200000)
  to   space 13824K, 0% used [0x00000000e2500000,0x00000000e2500000,0x00000000e3280000)
 ParOldGen       total 86528K, used 7076K [0x0000000080000000, 0x0000000085480000, 0x00000000d5580000)
  object space 86528K, 8% used [0x0000000080000000,0x00000000806e9300,0x0000000085480000)
 Metaspace       used 33941K, capacity 35250K, committed 35416K, reserved 1079296K
  class space    used 4574K, capacity 4880K, committed 4992K, reserved 1048576K
}
Event: 7.628 GC heap before
{Heap before GC invocations=9 (full 2):
 PSYoungGen      total 127488K, used 9464K [0x00000000d5580000, 0x00000000e3280000, 0x0000000100000000)
  eden space 113664K, 0% used [0x00000000d5580000,0x00000000d5580000,0x00000000dc480000)
  from space 13824K, 68% used [0x00000000dc480000,0x00000000dcdbe3e8,0x00000000dd200000)
  to   space 13824K, 0% used [0x00000000e2500000,0x00000000e2500000,0x00000000e3280000)
 ParOldGen       total 86528K, used 7076K [0x0000000080000000, 0x0000000085480000, 0x00000000d5580000)
  object space 86528K, 8% used [0x0000000080000000,0x00000000806e9300,0x0000000085480000)
 Metaspace       used 33941K, capacity 35250K, committed 35416K, reserved 1079296K
  class space    used 4574K, capacity 4880K, committed 4992K, reserved 1048576K
Event: 7.684 GC heap after
Heap after GC invocations=9 (full 2):
 PSYoungGen      total 127488K, used 0K [0x00000000d5580000, 0x00000000e3280000, 0x0000000100000000)
  eden space 113664K, 0% used [0x00000000d5580000,0x00000000d5580000,0x00000000dc480000)
  from space 13824K, 0% used [0x00000000dc480000,0x00000000dc480000,0x00000000dd200000)
  to   space 13824K, 0% used [0x00000000e2500000,0x00000000e2500000,0x00000000e3280000)
 ParOldGen       total 86528K, used 15930K [0x0000000080000000, 0x0000000085480000, 0x00000000d5580000)
  object space 86528K, 18% used [0x0000000080000000,0x0000000080f8e9f0,0x0000000085480000)
 Metaspace       used 33941K, capacity 35250K, committed 35416K, reserved 1079296K
  class space    used 4574K, capacity 4880K, committed 4992K, reserved 1048576K
}
Event: 8.825 GC heap before
{Heap before GC invocations=10 (full 2):
 PSYoungGen      total 127488K, used 113664K [0x00000000d5580000, 0x00000000e3280000, 0x0000000100000000)
  eden space 113664K, 100% used [0x00000000d5580000,0x00000000dc480000,0x00000000dc480000)
  from space 13824K, 0% used [0x00000000dc480000,0x00000000dc480000,0x00000000dd200000)
  to   space 13824K, 0% used [0x00000000e2500000,0x00000000e2500000,0x00000000e3280000)
 ParOldGen       total 86528K, used 15930K [0x0000000080000000, 0x0000000085480000, 0x00000000d5580000)
  object space 86528K, 18% used [0x0000000080000000,0x0000000080f8e9f0,0x0000000085480000)
 Metaspace       used 38613K, capacity 40436K, committed 40536K, reserved 1083392K
  class space    used 5316K, capacity 5719K, committed 5760K, reserved 1048576K
Event: 8.837 GC heap after
Heap after GC invocations=10 (full 2):
 PSYoungGen      total 183808K, used 9485K [0x00000000d5580000, 0x00000000e2e80000, 0x0000000100000000)
  eden space 174080K, 0% used [0x00000000d5580000,0x00000000d5580000,0x00000000dff80000)
  from space 9728K, 97% used [0x00000000e2500000,0x00000000e2e435e8,0x00000000e2e80000)
  to   space 13312K, 0% used [0x00000000e1480000,0x00000000e1480000,0x00000000e2180000)
 ParOldGen       total 86528K, used 15938K [0x0000000080000000, 0x0000000085480000, 0x00000000d5580000)
  object space 86528K, 18% used [0x0000000080000000,0x0000000080f909f0,0x0000000085480000)
 Metaspace       used 38613K, capacity 40436K, committed 40536K, reserved 1083392K
  class space    used 5316K, capacity 5719K, committed 5760K, reserved 1048576K
}

